<?xml version="1.0" encoding="UTF-8"?>
<!-- Generated by org.testng.reporters.JUnitXMLReporter -->
<testsuite ignored="0" hostname="Rajee-Personal" failures="1" tests="2" name="OpenCart Tests" time="17.983" errors="0" timestamp="2022-07-01T15:50:24 IST">
  <testcase classname="testCases.TC_001_AccountRegistration" name="test_account_registration" time="11.955">
    <failure type="java.lang.AssertionError" message="expected [true] but found [false]">
      <![CDATA[java.lang.AssertionError: expected [true] but found [false]
at testCases.TC_001_AccountRegistration.test_account_registration(TC_001_AccountRegistration.java:74)
at java.base/java.util.ArrayList.forEach(ArrayList.java:1511)
... Removed 31 stack frames]]>
    </failure>
  </testcase> <!-- test_account_registration -->
  <testcase classname="testCases.TC_002_Login" name="test_Login" time="1.706"/>
</testsuite> <!-- OpenCart Tests -->
